[25-Jul-2021 00:06:47] NOTICE: fpm is running, pid 1
[25-Jul-2021 00:06:47] NOTICE: ready to handle connections
[25-Jul-2021 00:06:47] NOTICE: systemd monitor interval set to 10000ms
[25-Jul-2021 13:13:59] NOTICE: fpm is running, pid 1
[25-Jul-2021 13:13:59] NOTICE: ready to handle connections
[25-Jul-2021 13:13:59] NOTICE: systemd monitor interval set to 10000ms
[26-Jul-2021 23:05:25] NOTICE: Terminating ...
[26-Jul-2021 23:05:25] NOTICE: exiting, bye-bye!
[26-Jul-2021 23:36:06] NOTICE: fpm is running, pid 1
[26-Jul-2021 23:36:06] NOTICE: ready to handle connections
[26-Jul-2021 23:36:06] NOTICE: systemd monitor interval set to 10000ms
[26-Jul-2021 23:44:46] NOTICE: Terminating ...
[26-Jul-2021 23:44:46] NOTICE: exiting, bye-bye!
[27-Jul-2021 00:27:25] NOTICE: fpm is running, pid 1
[27-Jul-2021 00:27:25] NOTICE: ready to handle connections
[27-Jul-2021 00:27:25] NOTICE: systemd monitor interval set to 10000ms
[27-Jul-2021 00:29:42] NOTICE: Terminating ...
[27-Jul-2021 00:29:42] NOTICE: exiting, bye-bye!
[27-Jul-2021 00:34:42] NOTICE: fpm is running, pid 1
[27-Jul-2021 00:34:42] NOTICE: ready to handle connections
[27-Jul-2021 00:34:42] NOTICE: systemd monitor interval set to 10000ms
[27-Jul-2021 00:47:44] NOTICE: Terminating ...
[27-Jul-2021 00:47:44] NOTICE: exiting, bye-bye!
[27-Jul-2021 00:52:41] NOTICE: fpm is running, pid 1
[27-Jul-2021 00:52:41] NOTICE: ready to handle connections
[27-Jul-2021 00:52:41] NOTICE: systemd monitor interval set to 10000ms
[27-Jul-2021 01:00:49] NOTICE: Terminating ...
[27-Jul-2021 01:00:49] NOTICE: exiting, bye-bye!
[27-Jul-2021 01:05:31] NOTICE: fpm is running, pid 1
[27-Jul-2021 01:05:31] NOTICE: ready to handle connections
[27-Jul-2021 01:05:31] NOTICE: systemd monitor interval set to 10000ms
[27-Jul-2021 01:07:07] NOTICE: Terminating ...
[27-Jul-2021 01:07:07] NOTICE: exiting, bye-bye!
[27-Jul-2021 01:11:16] NOTICE: fpm is running, pid 1
[27-Jul-2021 01:11:16] NOTICE: ready to handle connections
[27-Jul-2021 01:11:16] NOTICE: systemd monitor interval set to 10000ms
[27-Jul-2021 01:30:48] NOTICE: Terminating ...
[27-Jul-2021 01:30:48] NOTICE: exiting, bye-bye!
[27-Jul-2021 01:31:46] NOTICE: fpm is running, pid 1
[27-Jul-2021 01:31:46] NOTICE: ready to handle connections
[27-Jul-2021 01:31:46] NOTICE: systemd monitor interval set to 10000ms
[27-Jul-2021 02:13:53] NOTICE: fpm is running, pid 1
[27-Jul-2021 02:13:53] NOTICE: ready to handle connections
[27-Jul-2021 02:13:53] NOTICE: systemd monitor interval set to 10000ms
[27-Jul-2021 02:22:49] NOTICE: Terminating ...
[27-Jul-2021 02:22:49] NOTICE: exiting, bye-bye!
[27-Jul-2021 02:28:54] NOTICE: fpm is running, pid 1
[27-Jul-2021 02:28:54] NOTICE: ready to handle connections
[27-Jul-2021 02:28:54] NOTICE: systemd monitor interval set to 10000ms
[28-Jul-2021 18:18:05] NOTICE: fpm is running, pid 1
[28-Jul-2021 18:18:05] NOTICE: ready to handle connections
[28-Jul-2021 18:18:05] NOTICE: systemd monitor interval set to 10000ms
[28-Jul-2021 18:22:14] NOTICE: fpm is running, pid 1
[28-Jul-2021 18:22:15] NOTICE: ready to handle connections
[28-Jul-2021 18:22:15] NOTICE: systemd monitor interval set to 10000ms
[05-Aug-2021 02:37:38] NOTICE: fpm is running, pid 1
[05-Aug-2021 02:37:38] NOTICE: ready to handle connections
[05-Aug-2021 02:37:38] NOTICE: systemd monitor interval set to 10000ms
